2019-08-07 00:02:48,384 INFO  [main] com.okta.developer.jugtours.UserControllerTest : Starting UserControllerTest on LAPTOP-5DTT44KC with PID 15912 (started by USUARIO in D:\spring-boot-examples\repositorio\spring-boot-examples\jugtoursmysqlcache)
2019-08-07 00:02:48,393 INFO  [main] com.okta.developer.jugtours.UserControllerTest : No active profile set, falling back to default profiles: default
2019-08-07 00:02:48,445 DEBUG [main] org.springframework.web.context.support.GenericWebApplicationContext : Refreshing org.springframework.web.context.support.GenericWebApplicationContext@4985cbcb
2019-08-07 00:02:49,443 INFO  [main] org.springframework.data.repository.config.RepositoryConfigurationDelegate : Bootstrapping Spring Data repositories in DEFAULT mode.
2019-08-07 00:02:49,542 INFO  [main] org.springframework.data.repository.config.RepositoryConfigurationDelegate : Finished Spring Data repository scanning in 87ms. Found 2 repository interfaces.
2019-08-07 00:02:50,125 INFO  [main] org.springframework.context.support.PostProcessorRegistrationDelegate$BeanPostProcessorChecker : Bean 'org.springframework.transaction.annotation.ProxyTransactionManagementConfiguration' of type [org.springframework.transaction.annotation.ProxyTransactionManagementConfiguration$$EnhancerBySpringCGLIB$$da76633f] is not eligible for getting processed by all BeanPostProcessors (for example: not eligible for auto-proxying)
2019-08-07 00:02:50,597 INFO  [main] com.zaxxer.hikari.HikariDataSource : HikariPool-1 - Starting...
2019-08-07 00:02:50,830 INFO  [main] com.zaxxer.hikari.HikariDataSource : HikariPool-1 - Start completed.
2019-08-07 00:02:53,226 INFO  [main] org.springframework.orm.jpa.LocalContainerEntityManagerFactoryBean : Initialized JPA EntityManagerFactory for persistence unit 'default'
2019-08-07 00:02:53,763 DEBUG [main] org.springframework.web.client.RestTemplate : HTTP GET https://dev-292512.okta.com/oauth2/default/.well-known/openid-configuration
2019-08-07 00:02:53,767 DEBUG [main] org.springframework.web.client.RestTemplate : Accept=[text/plain, application/json, application/*+json, */*]
2019-08-07 00:02:55,253 DEBUG [main] org.springframework.web.client.RestTemplate : Response 200 OK
2019-08-07 00:02:55,259 DEBUG [main] org.springframework.web.client.RestTemplate : Reading to [java.lang.String] as "application/json;charset=UTF-8"
2019-08-07 00:02:56,816 INFO  [main] org.springframework.security.web.DefaultSecurityFilterChain : Creating filter chain: any request, [org.springframework.security.web.context.request.async.WebAsyncManagerIntegrationFilter@6bec566e, org.springframework.security.web.context.SecurityContextPersistenceFilter@2c9aeec6, org.springframework.security.web.header.HeaderWriterFilter@3dc14f80, org.springframework.security.web.csrf.CsrfFilter@71e89a26, org.springframework.security.web.authentication.logout.LogoutFilter@75b4db22, org.springframework.security.oauth2.client.web.OAuth2AuthorizationRequestRedirectFilter@7da6d695, org.springframework.security.oauth2.client.web.OAuth2LoginAuthenticationFilter@1e5e2e06, org.springframework.security.web.authentication.ui.DefaultLoginPageGeneratingFilter@5089a72b, org.springframework.security.web.authentication.ui.DefaultLogoutPageGeneratingFilter@47400608, org.springframework.security.web.savedrequest.RequestCacheAwareFilter@5bfdabf3, org.springframework.security.web.servletapi.SecurityContextHolderAwareRequestFilter@7c0035dd, org.springframework.security.web.authentication.AnonymousAuthenticationFilter@374bf34b, org.springframework.security.web.session.SessionManagementFilter@7ef7faa9, org.springframework.security.web.access.ExceptionTranslationFilter@1221d607, org.springframework.security.web.access.intercept.FilterSecurityInterceptor@65234a9]
2019-08-07 00:02:57,330 DEBUG [main] org.springframework.web.servlet.handler.SimpleUrlHandlerMapping : Patterns [/**/favicon.ico] in 'faviconHandlerMapping'
2019-08-07 00:02:57,661 INFO  [main] org.springframework.scheduling.concurrent.ThreadPoolTaskExecutor : Initializing ExecutorService 'applicationTaskExecutor'
2019-08-07 00:02:57,690 DEBUG [main] org.springframework.web.servlet.mvc.method.annotation.RequestMappingHandlerAdapter : ControllerAdvice beans: 0 @ModelAttribute, 0 @InitBinder, 1 RequestBodyAdvice, 1 ResponseBodyAdvice
2019-08-07 00:02:57,759 WARN  [main] org.springframework.boot.autoconfigure.orm.jpa.JpaBaseConfiguration$JpaWebConfiguration$JpaWebMvcConfiguration : spring.jpa.open-in-view is enabled by default. Therefore, database queries may be performed during view rendering. Explicitly configure spring.jpa.open-in-view to disable this warning
2019-08-07 00:02:57,845 DEBUG [main] org.springframework.web.servlet.mvc.method.annotation.RequestMappingHandlerMapping : 9 mappings in 'requestMappingHandlerMapping'
2019-08-07 00:02:57,889 DEBUG [main] org.springframework.web.servlet.handler.SimpleUrlHandlerMapping : Patterns [/webjars/**, /**] in 'resourceHandlerMapping'
2019-08-07 00:02:57,909 DEBUG [main] org.springframework.web.servlet.mvc.method.annotation.ExceptionHandlerExceptionResolver : ControllerAdvice beans: 0 @ExceptionHandler, 1 ResponseBodyAdvice
2019-08-07 00:02:58,468 INFO  [main] com.okta.developer.jugtours.UserControllerTest : Started UserControllerTest in 10.563 seconds (JVM running for 12.005)
2019-08-07 00:02:58,575 INFO  [main] org.springframework.boot.test.mock.web.SpringBootMockServletContext : Initializing Spring TestDispatcherServlet ''
2019-08-07 00:02:58,575 INFO  [main] org.springframework.test.web.servlet.TestDispatcherServlet : Initializing Servlet ''
2019-08-07 00:02:58,596 INFO  [main] org.springframework.test.web.servlet.TestDispatcherServlet : Completed initialization in 21 ms
2019-08-07 00:02:58,652 DEBUG [main] org.springframework.web.servlet.mvc.method.annotation.RequestMappingHandlerMapping : Mapped to public org.springframework.http.ResponseEntity<?> com.okta.developer.jugtours.web.UserController.getUser(org.springframework.security.oauth2.core.user.OAuth2User)
2019-08-07 00:02:58,687 DEBUG [main] org.springframework.web.servlet.mvc.method.annotation.HttpEntityMethodProcessor : Using 'application/json', given [application/json] and supported [text/plain, */*, text/plain, */*, application/json, application/*+json, application/json, application/*+json]
2019-08-07 00:02:58,688 DEBUG [main] org.springframework.web.servlet.mvc.method.annotation.HttpEntityMethodProcessor : Writing [""]
2019-08-07 00:02:58,721 INFO  [main] org.springframework.boot.test.mock.web.SpringBootMockServletContext : Initializing Spring TestDispatcherServlet ''
2019-08-07 00:02:58,722 INFO  [main] org.springframework.test.web.servlet.TestDispatcherServlet : Initializing Servlet ''
2019-08-07 00:02:58,725 INFO  [main] org.springframework.test.web.servlet.TestDispatcherServlet : Completed initialization in 3 ms
2019-08-07 00:02:58,727 DEBUG [main] org.springframework.web.servlet.mvc.method.annotation.RequestMappingHandlerMapping : Mapped to public org.springframework.http.ResponseEntity<?> com.okta.developer.jugtours.web.UserController.getUser(org.springframework.security.oauth2.core.user.OAuth2User)
2019-08-07 00:02:58,728 DEBUG [main] org.springframework.web.servlet.mvc.method.annotation.HttpEntityMethodProcessor : Using 'application/json', given [application/json] and supported [text/plain, */*, text/plain, */*, application/json, application/*+json, application/json, application/*+json]
2019-08-07 00:02:58,729 DEBUG [main] org.springframework.web.servlet.mvc.method.annotation.HttpEntityMethodProcessor : Writing [""]
2019-08-07 00:02:58,734 DEBUG [Thread-2] org.springframework.web.context.support.GenericWebApplicationContext : Closing org.springframework.web.context.support.GenericWebApplicationContext@4985cbcb, started on Wed Aug 07 00:02:48 COT 2019
2019-08-07 00:02:58,738 INFO  [Thread-2] org.springframework.scheduling.concurrent.ThreadPoolTaskExecutor : Shutting down ExecutorService 'applicationTaskExecutor'
2019-08-07 00:02:58,741 INFO  [Thread-2] org.springframework.orm.jpa.LocalContainerEntityManagerFactoryBean : Closing JPA EntityManagerFactory for persistence unit 'default'
2019-08-07 00:02:58,744 INFO  [Thread-2] com.zaxxer.hikari.HikariDataSource : HikariPool-1 - Shutdown initiated...
2019-08-07 00:02:58,755 INFO  [Thread-2] com.zaxxer.hikari.HikariDataSource : HikariPool-1 - Shutdown completed.
2019-08-07 00:03:28,952 INFO  [main] com.okta.developer.jugtours.UserControllerTest : Starting UserControllerTest on LAPTOP-5DTT44KC with PID 19756 (started by USUARIO in D:\spring-boot-examples\repositorio\spring-boot-examples\jugtoursmysqlcache)
2019-08-07 00:03:28,954 INFO  [main] com.okta.developer.jugtours.UserControllerTest : No active profile set, falling back to default profiles: default
2019-08-07 00:03:29,002 DEBUG [main] org.springframework.web.context.support.GenericWebApplicationContext : Refreshing org.springframework.web.context.support.GenericWebApplicationContext@4a45ca1c
2019-08-07 00:03:30,001 INFO  [main] org.springframework.data.repository.config.RepositoryConfigurationDelegate : Bootstrapping Spring Data repositories in DEFAULT mode.
2019-08-07 00:03:30,090 INFO  [main] org.springframework.data.repository.config.RepositoryConfigurationDelegate : Finished Spring Data repository scanning in 76ms. Found 2 repository interfaces.
2019-08-07 00:03:30,784 INFO  [main] org.springframework.context.support.PostProcessorRegistrationDelegate$BeanPostProcessorChecker : Bean 'org.springframework.transaction.annotation.ProxyTransactionManagementConfiguration' of type [org.springframework.transaction.annotation.ProxyTransactionManagementConfiguration$$EnhancerBySpringCGLIB$$99039038] is not eligible for getting processed by all BeanPostProcessors (for example: not eligible for auto-proxying)
2019-08-07 00:03:31,159 INFO  [main] com.zaxxer.hikari.HikariDataSource : HikariPool-1 - Starting...
2019-08-07 00:03:31,373 INFO  [main] com.zaxxer.hikari.HikariDataSource : HikariPool-1 - Start completed.
2019-08-07 00:03:33,723 INFO  [main] org.springframework.orm.jpa.LocalContainerEntityManagerFactoryBean : Initialized JPA EntityManagerFactory for persistence unit 'default'
2019-08-07 00:03:34,407 DEBUG [main] org.springframework.web.client.RestTemplate : HTTP GET https://dev-292512.okta.com/oauth2/default/.well-known/openid-configuration
2019-08-07 00:03:34,412 DEBUG [main] org.springframework.web.client.RestTemplate : Accept=[text/plain, application/json, application/*+json, */*]
2019-08-07 00:03:35,497 DEBUG [main] org.springframework.web.client.RestTemplate : Response 200 OK
2019-08-07 00:03:35,505 DEBUG [main] org.springframework.web.client.RestTemplate : Reading to [java.lang.String] as "application/json;charset=UTF-8"
2019-08-07 00:03:36,625 INFO  [main] org.springframework.security.web.DefaultSecurityFilterChain : Creating filter chain: any request, [org.springframework.security.web.context.request.async.WebAsyncManagerIntegrationFilter@3b86d39f, org.springframework.security.web.context.SecurityContextPersistenceFilter@2b9311ed, org.springframework.security.web.header.HeaderWriterFilter@34f0afea, org.springframework.security.web.csrf.CsrfFilter@7c8e5dcb, org.springframework.security.web.authentication.logout.LogoutFilter@32426c17, org.springframework.security.oauth2.client.web.OAuth2AuthorizationRequestRedirectFilter@3b751a2d, org.springframework.security.oauth2.client.web.OAuth2LoginAuthenticationFilter@614660b6, org.springframework.security.web.authentication.ui.DefaultLoginPageGeneratingFilter@337fbc0d, org.springframework.security.web.authentication.ui.DefaultLogoutPageGeneratingFilter@59a8c7bf, org.springframework.security.web.savedrequest.RequestCacheAwareFilter@2c8b98b9, org.springframework.security.web.servletapi.SecurityContextHolderAwareRequestFilter@31601db9, org.springframework.security.web.authentication.AnonymousAuthenticationFilter@4a18bcb8, org.springframework.security.web.session.SessionManagementFilter@4ad4cd88, org.springframework.security.web.access.ExceptionTranslationFilter@38509045, org.springframework.security.web.access.intercept.FilterSecurityInterceptor@2f22190b]
2019-08-07 00:03:37,072 DEBUG [main] org.springframework.web.servlet.handler.SimpleUrlHandlerMapping : Patterns [/**/favicon.ico] in 'faviconHandlerMapping'
2019-08-07 00:03:37,347 INFO  [main] org.springframework.scheduling.concurrent.ThreadPoolTaskExecutor : Initializing ExecutorService 'applicationTaskExecutor'
2019-08-07 00:03:37,365 DEBUG [main] org.springframework.web.servlet.mvc.method.annotation.RequestMappingHandlerAdapter : ControllerAdvice beans: 0 @ModelAttribute, 0 @InitBinder, 1 RequestBodyAdvice, 1 ResponseBodyAdvice
2019-08-07 00:03:37,434 WARN  [main] org.springframework.boot.autoconfigure.orm.jpa.JpaBaseConfiguration$JpaWebConfiguration$JpaWebMvcConfiguration : spring.jpa.open-in-view is enabled by default. Therefore, database queries may be performed during view rendering. Explicitly configure spring.jpa.open-in-view to disable this warning
2019-08-07 00:03:37,513 DEBUG [main] org.springframework.web.servlet.mvc.method.annotation.RequestMappingHandlerMapping : 9 mappings in 'requestMappingHandlerMapping'
2019-08-07 00:03:37,539 DEBUG [main] org.springframework.web.servlet.handler.SimpleUrlHandlerMapping : Patterns [/webjars/**, /**] in 'resourceHandlerMapping'
2019-08-07 00:03:37,553 DEBUG [main] org.springframework.web.servlet.mvc.method.annotation.ExceptionHandlerExceptionResolver : ControllerAdvice beans: 0 @ExceptionHandler, 1 ResponseBodyAdvice
2019-08-07 00:03:37,947 INFO  [main] com.okta.developer.jugtours.UserControllerTest : Started UserControllerTest in 9.557 seconds (JVM running for 11.195)
2019-08-07 00:03:38,048 INFO  [main] org.springframework.boot.test.mock.web.SpringBootMockServletContext : Initializing Spring TestDispatcherServlet ''
2019-08-07 00:03:38,048 INFO  [main] org.springframework.test.web.servlet.TestDispatcherServlet : Initializing Servlet ''
2019-08-07 00:03:38,067 INFO  [main] org.springframework.test.web.servlet.TestDispatcherServlet : Completed initialization in 18 ms
2019-08-07 00:03:38,117 DEBUG [main] org.springframework.web.servlet.mvc.method.annotation.RequestMappingHandlerMapping : Mapped to public org.springframework.http.ResponseEntity<?> com.okta.developer.jugtours.web.UserController.getUser(org.springframework.security.oauth2.core.user.OAuth2User)
2019-08-07 00:03:38,150 DEBUG [main] org.springframework.web.servlet.mvc.method.annotation.HttpEntityMethodProcessor : Using 'application/json', given [application/json] and supported [text/plain, */*, text/plain, */*, application/json, application/*+json, application/json, application/*+json]
2019-08-07 00:03:38,150 DEBUG [main] org.springframework.web.servlet.mvc.method.annotation.HttpEntityMethodProcessor : Writing [""]
2019-08-07 00:03:38,170 INFO  [main] org.springframework.boot.test.mock.web.SpringBootMockServletContext : Initializing Spring TestDispatcherServlet ''
2019-08-07 00:03:38,170 INFO  [main] org.springframework.test.web.servlet.TestDispatcherServlet : Initializing Servlet ''
2019-08-07 00:03:38,174 INFO  [main] org.springframework.test.web.servlet.TestDispatcherServlet : Completed initialization in 4 ms
2019-08-07 00:03:38,176 DEBUG [main] org.springframework.web.servlet.mvc.method.annotation.RequestMappingHandlerMapping : Mapped to public org.springframework.http.ResponseEntity<?> com.okta.developer.jugtours.web.UserController.getUser(org.springframework.security.oauth2.core.user.OAuth2User)
2019-08-07 00:03:38,178 DEBUG [main] org.springframework.web.servlet.mvc.method.annotation.HttpEntityMethodProcessor : Using 'application/json', given [application/json] and supported [text/plain, */*, text/plain, */*, application/json, application/*+json, application/json, application/*+json]
2019-08-07 00:03:38,178 DEBUG [main] org.springframework.web.servlet.mvc.method.annotation.HttpEntityMethodProcessor : Writing [""]
2019-08-07 00:03:38,198 DEBUG [Thread-4] org.springframework.web.context.support.GenericWebApplicationContext : Closing org.springframework.web.context.support.GenericWebApplicationContext@4a45ca1c, started on Wed Aug 07 00:03:29 COT 2019
2019-08-07 00:03:38,765 INFO  [Thread-4] org.springframework.scheduling.concurrent.ThreadPoolTaskExecutor : Shutting down ExecutorService 'applicationTaskExecutor'
2019-08-07 00:03:38,767 INFO  [Thread-4] org.springframework.orm.jpa.LocalContainerEntityManagerFactoryBean : Closing JPA EntityManagerFactory for persistence unit 'default'
2019-08-07 00:03:38,770 INFO  [Thread-4] com.zaxxer.hikari.HikariDataSource : HikariPool-1 - Shutdown initiated...
2019-08-07 00:03:38,785 INFO  [Thread-4] com.zaxxer.hikari.HikariDataSource : HikariPool-1 - Shutdown completed.
2019-08-07 00:53:37,740 INFO  [main] com.okta.developer.jugtours.UserControllerTest : Starting UserControllerTest on LAPTOP-5DTT44KC with PID 20284 (started by USUARIO in D:\spring-boot-examples\repositorio\spring-boot-examples\jugtoursmysqlcache)
2019-08-07 00:53:37,742 INFO  [main] com.okta.developer.jugtours.UserControllerTest : No active profile set, falling back to default profiles: default
2019-08-07 00:53:37,791 DEBUG [main] org.springframework.web.context.support.GenericWebApplicationContext : Refreshing org.springframework.web.context.support.GenericWebApplicationContext@4985cbcb
2019-08-07 00:53:38,845 INFO  [main] org.springframework.data.repository.config.RepositoryConfigurationDelegate : Bootstrapping Spring Data repositories in DEFAULT mode.
2019-08-07 00:53:38,950 INFO  [main] org.springframework.data.repository.config.RepositoryConfigurationDelegate : Finished Spring Data repository scanning in 93ms. Found 2 repository interfaces.
2019-08-07 00:53:39,544 INFO  [main] org.springframework.context.support.PostProcessorRegistrationDelegate$BeanPostProcessorChecker : Bean 'org.springframework.transaction.annotation.ProxyTransactionManagementConfiguration' of type [org.springframework.transaction.annotation.ProxyTransactionManagementConfiguration$$EnhancerBySpringCGLIB$$c6d8e9ea] is not eligible for getting processed by all BeanPostProcessors (for example: not eligible for auto-proxying)
2019-08-07 00:53:40,031 INFO  [main] com.zaxxer.hikari.HikariDataSource : HikariPool-1 - Starting...
2019-08-07 00:53:40,274 INFO  [main] com.zaxxer.hikari.HikariDataSource : HikariPool-1 - Start completed.
2019-08-07 00:53:42,810 INFO  [main] org.springframework.orm.jpa.LocalContainerEntityManagerFactoryBean : Initialized JPA EntityManagerFactory for persistence unit 'default'
2019-08-07 00:53:43,322 DEBUG [main] org.springframework.web.client.RestTemplate : HTTP GET https://dev-292512.okta.com/oauth2/default/.well-known/openid-configuration
2019-08-07 00:53:43,328 DEBUG [main] org.springframework.web.client.RestTemplate : Accept=[text/plain, application/json, application/*+json, */*]
2019-08-07 00:53:44,812 DEBUG [main] org.springframework.web.client.RestTemplate : Response 200 OK
2019-08-07 00:53:44,815 DEBUG [main] org.springframework.web.client.RestTemplate : Reading to [java.lang.String] as "application/json;charset=UTF-8"
2019-08-07 00:53:46,272 INFO  [main] org.springframework.security.web.DefaultSecurityFilterChain : Creating filter chain: any request, [org.springframework.security.web.context.request.async.WebAsyncManagerIntegrationFilter@3555d804, org.springframework.security.web.context.SecurityContextPersistenceFilter@136cad3e, org.springframework.security.web.header.HeaderWriterFilter@16f62062, org.springframework.security.web.csrf.CsrfFilter@24bdd996, org.springframework.security.web.authentication.logout.LogoutFilter@8113ea7, org.springframework.security.oauth2.client.web.OAuth2AuthorizationRequestRedirectFilter@7a85454b, org.springframework.security.oauth2.client.web.OAuth2LoginAuthenticationFilter@4d0d568f, org.springframework.security.web.authentication.ui.DefaultLoginPageGeneratingFilter@4b37d1a4, org.springframework.security.web.authentication.ui.DefaultLogoutPageGeneratingFilter@19b8f1bd, org.springframework.security.web.savedrequest.RequestCacheAwareFilter@6500e886, org.springframework.security.web.servletapi.SecurityContextHolderAwareRequestFilter@50e4d8cd, org.springframework.security.web.authentication.AnonymousAuthenticationFilter@46a9c368, org.springframework.security.web.session.SessionManagementFilter@3889c343, org.springframework.security.web.access.ExceptionTranslationFilter@7ac47f14, org.springframework.security.web.access.intercept.FilterSecurityInterceptor@3f5f79d8]
2019-08-07 00:53:46,804 DEBUG [main] org.springframework.web.servlet.handler.SimpleUrlHandlerMapping : Patterns [/**/favicon.ico] in 'faviconHandlerMapping'
2019-08-07 00:53:47,159 INFO  [main] org.springframework.scheduling.concurrent.ThreadPoolTaskExecutor : Initializing ExecutorService 'applicationTaskExecutor'
2019-08-07 00:53:47,195 DEBUG [main] org.springframework.web.servlet.mvc.method.annotation.RequestMappingHandlerAdapter : ControllerAdvice beans: 0 @ModelAttribute, 0 @InitBinder, 1 RequestBodyAdvice, 1 ResponseBodyAdvice
2019-08-07 00:53:47,261 WARN  [main] org.springframework.boot.autoconfigure.orm.jpa.JpaBaseConfiguration$JpaWebConfiguration$JpaWebMvcConfiguration : spring.jpa.open-in-view is enabled by default. Therefore, database queries may be performed during view rendering. Explicitly configure spring.jpa.open-in-view to disable this warning
2019-08-07 00:53:47,351 DEBUG [main] org.springframework.web.servlet.mvc.method.annotation.RequestMappingHandlerMapping : 9 mappings in 'requestMappingHandlerMapping'
2019-08-07 00:53:47,387 DEBUG [main] org.springframework.web.servlet.handler.SimpleUrlHandlerMapping : Patterns [/webjars/**, /**] in 'resourceHandlerMapping'
2019-08-07 00:53:47,405 DEBUG [main] org.springframework.web.servlet.mvc.method.annotation.ExceptionHandlerExceptionResolver : ControllerAdvice beans: 0 @ExceptionHandler, 1 ResponseBodyAdvice
2019-08-07 00:53:48,015 INFO  [main] com.okta.developer.jugtours.UserControllerTest : Started UserControllerTest in 10.786 seconds (JVM running for 12.071)
2019-08-07 00:53:48,121 INFO  [main] org.springframework.boot.test.mock.web.SpringBootMockServletContext : Initializing Spring TestDispatcherServlet ''
2019-08-07 00:53:48,121 INFO  [main] org.springframework.test.web.servlet.TestDispatcherServlet : Initializing Servlet ''
2019-08-07 00:53:48,211 INFO  [main] org.springframework.test.web.servlet.TestDispatcherServlet : Completed initialization in 35 ms
2019-08-07 00:53:48,279 DEBUG [main] org.springframework.web.servlet.mvc.method.annotation.RequestMappingHandlerMapping : Mapped to public org.springframework.http.ResponseEntity<?> com.okta.developer.jugtours.web.UserController.getUser(org.springframework.security.oauth2.core.user.OAuth2User)
2019-08-07 00:53:48,328 DEBUG [main] org.springframework.web.servlet.mvc.method.annotation.HttpEntityMethodProcessor : Using 'application/json', given [application/json] and supported [text/plain, */*, text/plain, */*, application/json, application/*+json, application/json, application/*+json]
2019-08-07 00:53:48,329 DEBUG [main] org.springframework.web.servlet.mvc.method.annotation.HttpEntityMethodProcessor : Writing [""]
2019-08-07 00:53:48,360 INFO  [main] org.springframework.boot.test.mock.web.SpringBootMockServletContext : Initializing Spring TestDispatcherServlet ''
2019-08-07 00:53:48,360 INFO  [main] org.springframework.test.web.servlet.TestDispatcherServlet : Initializing Servlet ''
2019-08-07 00:53:48,364 INFO  [main] org.springframework.test.web.servlet.TestDispatcherServlet : Completed initialization in 4 ms
2019-08-07 00:53:48,366 DEBUG [main] org.springframework.web.servlet.mvc.method.annotation.RequestMappingHandlerMapping : Mapped to public org.springframework.http.ResponseEntity<?> com.okta.developer.jugtours.web.UserController.getUser(org.springframework.security.oauth2.core.user.OAuth2User)
2019-08-07 00:53:48,368 DEBUG [main] org.springframework.web.servlet.mvc.method.annotation.HttpEntityMethodProcessor : Using 'application/json', given [application/json] and supported [text/plain, */*, text/plain, */*, application/json, application/*+json, application/json, application/*+json]
2019-08-07 00:53:48,369 DEBUG [main] org.springframework.web.servlet.mvc.method.annotation.HttpEntityMethodProcessor : Writing [""]
2019-08-07 00:53:48,378 DEBUG [Thread-2] org.springframework.web.context.support.GenericWebApplicationContext : Closing org.springframework.web.context.support.GenericWebApplicationContext@4985cbcb, started on Wed Aug 07 00:53:37 COT 2019
2019-08-07 00:53:48,382 INFO  [Thread-2] org.springframework.scheduling.concurrent.ThreadPoolTaskExecutor : Shutting down ExecutorService 'applicationTaskExecutor'
2019-08-07 00:53:48,384 INFO  [Thread-2] org.springframework.orm.jpa.LocalContainerEntityManagerFactoryBean : Closing JPA EntityManagerFactory for persistence unit 'default'
2019-08-07 00:53:48,388 INFO  [Thread-2] com.zaxxer.hikari.HikariDataSource : HikariPool-1 - Shutdown initiated...
2019-08-07 00:53:48,406 INFO  [Thread-2] com.zaxxer.hikari.HikariDataSource : HikariPool-1 - Shutdown completed.
2019-08-07 01:09:52,500 INFO  [main] com.okta.developer.jugtours.UserControllerTest : Starting UserControllerTest on LAPTOP-5DTT44KC with PID 18184 (started by USUARIO in D:\spring-boot-examples\repositorio\spring-boot-examples\jugtoursmysqlcache)
2019-08-07 01:09:52,500 INFO  [main] com.okta.developer.jugtours.UserControllerTest : No active profile set, falling back to default profiles: default
2019-08-07 01:09:52,543 DEBUG [main] org.springframework.web.context.support.GenericWebApplicationContext : Refreshing org.springframework.web.context.support.GenericWebApplicationContext@285d851a
2019-08-07 01:09:53,537 INFO  [main] org.springframework.data.repository.config.RepositoryConfigurationDelegate : Bootstrapping Spring Data repositories in DEFAULT mode.
2019-08-07 01:09:53,649 INFO  [main] org.springframework.data.repository.config.RepositoryConfigurationDelegate : Finished Spring Data repository scanning in 97ms. Found 2 repository interfaces.
2019-08-07 01:09:54,315 INFO  [main] org.springframework.context.support.PostProcessorRegistrationDelegate$BeanPostProcessorChecker : Bean 'org.springframework.transaction.annotation.ProxyTransactionManagementConfiguration' of type [org.springframework.transaction.annotation.ProxyTransactionManagementConfiguration$$EnhancerBySpringCGLIB$$3f3f2652] is not eligible for getting processed by all BeanPostProcessors (for example: not eligible for auto-proxying)
2019-08-07 01:09:54,758 INFO  [main] com.zaxxer.hikari.HikariDataSource : HikariPool-1 - Starting...
2019-08-07 01:09:55,010 INFO  [main] com.zaxxer.hikari.HikariDataSource : HikariPool-1 - Start completed.
2019-08-07 01:09:57,545 INFO  [main] org.springframework.orm.jpa.LocalContainerEntityManagerFactoryBean : Initialized JPA EntityManagerFactory for persistence unit 'default'
2019-08-07 01:09:58,253 DEBUG [main] org.springframework.web.client.RestTemplate : HTTP GET https://dev-292512.okta.com/oauth2/default/.well-known/openid-configuration
2019-08-07 01:09:58,256 DEBUG [main] org.springframework.web.client.RestTemplate : Accept=[text/plain, application/json, application/*+json, */*]
2019-08-07 01:09:59,866 DEBUG [main] org.springframework.web.client.RestTemplate : Response 200 OK
2019-08-07 01:09:59,876 DEBUG [main] org.springframework.web.client.RestTemplate : Reading to [java.lang.String] as "application/json;charset=UTF-8"
2019-08-07 01:10:01,313 INFO  [main] org.springframework.security.web.DefaultSecurityFilterChain : Creating filter chain: any request, [org.springframework.security.web.context.request.async.WebAsyncManagerIntegrationFilter@47cf65f1, org.springframework.security.web.context.SecurityContextPersistenceFilter@646ddc20, org.springframework.security.web.header.HeaderWriterFilter@54fd5759, org.springframework.security.web.csrf.CsrfFilter@f2b4303, org.springframework.security.web.authentication.logout.LogoutFilter@3f31892e, org.springframework.security.oauth2.client.web.OAuth2AuthorizationRequestRedirectFilter@2daf0cc9, org.springframework.security.oauth2.client.web.OAuth2LoginAuthenticationFilter@1387bd84, org.springframework.security.web.authentication.ui.DefaultLoginPageGeneratingFilter@78e4fa1, org.springframework.security.web.authentication.ui.DefaultLogoutPageGeneratingFilter@156f0281, org.springframework.security.web.savedrequest.RequestCacheAwareFilter@32153bbe, org.springframework.security.web.servletapi.SecurityContextHolderAwareRequestFilter@1c879f07, org.springframework.security.web.authentication.AnonymousAuthenticationFilter@1e041848, org.springframework.security.web.session.SessionManagementFilter@893081e, org.springframework.security.web.access.ExceptionTranslationFilter@6500e886, org.springframework.security.web.access.intercept.FilterSecurityInterceptor@4f72078d]
2019-08-07 01:10:01,827 DEBUG [main] org.springframework.web.servlet.handler.SimpleUrlHandlerMapping : Patterns [/**/favicon.ico] in 'faviconHandlerMapping'
2019-08-07 01:10:02,179 INFO  [main] org.springframework.scheduling.concurrent.ThreadPoolTaskExecutor : Initializing ExecutorService 'applicationTaskExecutor'
2019-08-07 01:10:02,210 DEBUG [main] org.springframework.web.servlet.mvc.method.annotation.RequestMappingHandlerAdapter : ControllerAdvice beans: 0 @ModelAttribute, 0 @InitBinder, 1 RequestBodyAdvice, 1 ResponseBodyAdvice
2019-08-07 01:10:02,286 WARN  [main] org.springframework.boot.autoconfigure.orm.jpa.JpaBaseConfiguration$JpaWebConfiguration$JpaWebMvcConfiguration : spring.jpa.open-in-view is enabled by default. Therefore, database queries may be performed during view rendering. Explicitly configure spring.jpa.open-in-view to disable this warning
2019-08-07 01:10:02,380 DEBUG [main] org.springframework.web.servlet.mvc.method.annotation.RequestMappingHandlerMapping : 9 mappings in 'requestMappingHandlerMapping'
2019-08-07 01:10:02,421 DEBUG [main] org.springframework.web.servlet.handler.SimpleUrlHandlerMapping : Patterns [/webjars/**, /**] in 'resourceHandlerMapping'
2019-08-07 01:10:02,440 DEBUG [main] org.springframework.web.servlet.mvc.method.annotation.ExceptionHandlerExceptionResolver : ControllerAdvice beans: 0 @ExceptionHandler, 1 ResponseBodyAdvice
2019-08-07 01:10:03,053 INFO  [main] com.okta.developer.jugtours.UserControllerTest : Started UserControllerTest in 11.03 seconds (JVM running for 12.458)
2019-08-07 01:10:03,168 INFO  [main] org.springframework.boot.test.mock.web.SpringBootMockServletContext : Initializing Spring TestDispatcherServlet ''
2019-08-07 01:10:03,168 INFO  [main] org.springframework.test.web.servlet.TestDispatcherServlet : Initializing Servlet ''
2019-08-07 01:10:03,196 INFO  [main] org.springframework.test.web.servlet.TestDispatcherServlet : Completed initialization in 28 ms
2019-08-07 01:10:03,257 DEBUG [main] org.springframework.web.servlet.mvc.method.annotation.RequestMappingHandlerMapping : Mapped to public org.springframework.http.ResponseEntity<?> com.okta.developer.jugtours.web.UserController.getUser(org.springframework.security.oauth2.core.user.OAuth2User)
2019-08-07 01:10:03,298 DEBUG [main] org.springframework.web.servlet.mvc.method.annotation.HttpEntityMethodProcessor : Using 'application/json', given [application/json] and supported [text/plain, */*, text/plain, */*, application/json, application/*+json, application/json, application/*+json]
2019-08-07 01:10:03,298 DEBUG [main] org.springframework.web.servlet.mvc.method.annotation.HttpEntityMethodProcessor : Writing [""]
2019-08-07 01:10:03,330 INFO  [main] org.springframework.boot.test.mock.web.SpringBootMockServletContext : Initializing Spring TestDispatcherServlet ''
2019-08-07 01:10:03,330 INFO  [main] org.springframework.test.web.servlet.TestDispatcherServlet : Initializing Servlet ''
2019-08-07 01:10:03,330 INFO  [main] org.springframework.test.web.servlet.TestDispatcherServlet : Completed initialization in 0 ms
2019-08-07 01:10:03,338 DEBUG [main] org.springframework.web.servlet.mvc.method.annotation.RequestMappingHandlerMapping : Mapped to public org.springframework.http.ResponseEntity<?> com.okta.developer.jugtours.web.UserController.getUser(org.springframework.security.oauth2.core.user.OAuth2User)
2019-08-07 01:10:03,340 DEBUG [main] org.springframework.web.servlet.mvc.method.annotation.HttpEntityMethodProcessor : Using 'application/json', given [application/json] and supported [text/plain, */*, text/plain, */*, application/json, application/*+json, application/json, application/*+json]
2019-08-07 01:10:03,340 DEBUG [main] org.springframework.web.servlet.mvc.method.annotation.HttpEntityMethodProcessor : Writing [""]
2019-08-07 01:10:03,340 DEBUG [Thread-2] org.springframework.web.context.support.GenericWebApplicationContext : Closing org.springframework.web.context.support.GenericWebApplicationContext@285d851a, started on Wed Aug 07 01:09:52 COT 2019
2019-08-07 01:10:03,350 INFO  [Thread-2] org.springframework.scheduling.concurrent.ThreadPoolTaskExecutor : Shutting down ExecutorService 'applicationTaskExecutor'
2019-08-07 01:10:03,350 INFO  [Thread-2] org.springframework.orm.jpa.LocalContainerEntityManagerFactoryBean : Closing JPA EntityManagerFactory for persistence unit 'default'
2019-08-07 01:10:03,358 INFO  [Thread-2] com.zaxxer.hikari.HikariDataSource : HikariPool-1 - Shutdown initiated...
2019-08-07 01:10:03,368 INFO  [Thread-2] com.zaxxer.hikari.HikariDataSource : HikariPool-1 - Shutdown completed.
2019-08-07 01:12:47,035 INFO  [main] com.okta.developer.jugtours.UserControllerTest : Starting UserControllerTest on LAPTOP-5DTT44KC with PID 16324 (started by USUARIO in D:\spring-boot-examples\repositorio\spring-boot-examples\jugtoursmysqlcache)
2019-08-07 01:12:47,035 INFO  [main] com.okta.developer.jugtours.UserControllerTest : No active profile set, falling back to default profiles: default
2019-08-07 01:12:47,083 DEBUG [main] org.springframework.web.context.support.GenericWebApplicationContext : Refreshing org.springframework.web.context.support.GenericWebApplicationContext@4a45ca1c
2019-08-07 01:12:48,163 INFO  [main] org.springframework.data.repository.config.RepositoryConfigurationDelegate : Bootstrapping Spring Data repositories in DEFAULT mode.
2019-08-07 01:12:48,260 INFO  [main] org.springframework.data.repository.config.RepositoryConfigurationDelegate : Finished Spring Data repository scanning in 83ms. Found 2 repository interfaces.
2019-08-07 01:12:48,948 INFO  [main] org.springframework.context.support.PostProcessorRegistrationDelegate$BeanPostProcessorChecker : Bean 'org.springframework.transaction.annotation.ProxyTransactionManagementConfiguration' of type [org.springframework.transaction.annotation.ProxyTransactionManagementConfiguration$$EnhancerBySpringCGLIB$$a074d80a] is not eligible for getting processed by all BeanPostProcessors (for example: not eligible for auto-proxying)
2019-08-07 01:12:49,270 INFO  [main] com.zaxxer.hikari.HikariDataSource : HikariPool-1 - Starting...
2019-08-07 01:12:49,494 INFO  [main] com.zaxxer.hikari.HikariDataSource : HikariPool-1 - Start completed.
2019-08-07 01:12:51,959 INFO  [main] org.springframework.orm.jpa.LocalContainerEntityManagerFactoryBean : Initialized JPA EntityManagerFactory for persistence unit 'default'
2019-08-07 01:12:52,488 DEBUG [main] org.springframework.web.client.RestTemplate : HTTP GET https://dev-292512.okta.com/oauth2/default/.well-known/openid-configuration
2019-08-07 01:12:52,491 DEBUG [main] org.springframework.web.client.RestTemplate : Accept=[text/plain, application/json, application/*+json, */*]
2019-08-07 01:12:53,940 DEBUG [main] org.springframework.web.client.RestTemplate : Response 200 OK
2019-08-07 01:12:53,951 DEBUG [main] org.springframework.web.client.RestTemplate : Reading to [java.lang.String] as "application/json;charset=UTF-8"
2019-08-07 01:12:55,110 INFO  [main] org.springframework.security.web.DefaultSecurityFilterChain : Creating filter chain: any request, [org.springframework.security.web.context.request.async.WebAsyncManagerIntegrationFilter@67efdfff, org.springframework.security.web.context.SecurityContextPersistenceFilter@1556989e, org.springframework.security.web.header.HeaderWriterFilter@15ce83a8, org.springframework.security.web.csrf.CsrfFilter@56b7bffb, org.springframework.security.web.authentication.logout.LogoutFilter@7bacb1b0, org.springframework.security.oauth2.client.web.OAuth2AuthorizationRequestRedirectFilter@36c2b179, org.springframework.security.oauth2.client.web.OAuth2LoginAuthenticationFilter@5dd9bcba, org.springframework.security.web.authentication.ui.DefaultLoginPageGeneratingFilter@7371810e, org.springframework.security.web.authentication.ui.DefaultLogoutPageGeneratingFilter@2dcc47d9, org.springframework.security.web.savedrequest.RequestCacheAwareFilter@173441c2, org.springframework.security.web.servletapi.SecurityContextHolderAwareRequestFilter@58553755, org.springframework.security.web.authentication.AnonymousAuthenticationFilter@6fbcbd62, org.springframework.security.web.session.SessionManagementFilter@7cff1217, org.springframework.security.web.access.ExceptionTranslationFilter@38fbac83, org.springframework.security.web.access.intercept.FilterSecurityInterceptor@5578cb71]
2019-08-07 01:12:55,515 DEBUG [main] org.springframework.web.servlet.handler.SimpleUrlHandlerMapping : Patterns [/**/favicon.ico] in 'faviconHandlerMapping'
2019-08-07 01:12:55,803 INFO  [main] org.springframework.scheduling.concurrent.ThreadPoolTaskExecutor : Initializing ExecutorService 'applicationTaskExecutor'
2019-08-07 01:12:55,829 DEBUG [main] org.springframework.web.servlet.mvc.method.annotation.RequestMappingHandlerAdapter : ControllerAdvice beans: 0 @ModelAttribute, 0 @InitBinder, 1 RequestBodyAdvice, 1 ResponseBodyAdvice
2019-08-07 01:12:55,900 WARN  [main] org.springframework.boot.autoconfigure.orm.jpa.JpaBaseConfiguration$JpaWebConfiguration$JpaWebMvcConfiguration : spring.jpa.open-in-view is enabled by default. Therefore, database queries may be performed during view rendering. Explicitly configure spring.jpa.open-in-view to disable this warning
2019-08-07 01:12:55,970 DEBUG [main] org.springframework.web.servlet.mvc.method.annotation.RequestMappingHandlerMapping : 9 mappings in 'requestMappingHandlerMapping'
2019-08-07 01:12:56,000 DEBUG [main] org.springframework.web.servlet.handler.SimpleUrlHandlerMapping : Patterns [/webjars/**, /**] in 'resourceHandlerMapping'
2019-08-07 01:12:56,021 DEBUG [main] org.springframework.web.servlet.mvc.method.annotation.ExceptionHandlerExceptionResolver : ControllerAdvice beans: 0 @ExceptionHandler, 1 ResponseBodyAdvice
2019-08-07 01:12:56,444 INFO  [main] com.okta.developer.jugtours.UserControllerTest : Started UserControllerTest in 10.015 seconds (JVM running for 11.606)
2019-08-07 01:12:56,565 INFO  [main] org.springframework.boot.test.mock.web.SpringBootMockServletContext : Initializing Spring TestDispatcherServlet ''
2019-08-07 01:12:56,565 INFO  [main] org.springframework.test.web.servlet.TestDispatcherServlet : Initializing Servlet ''
2019-08-07 01:12:56,585 INFO  [main] org.springframework.test.web.servlet.TestDispatcherServlet : Completed initialization in 20 ms
2019-08-07 01:12:56,636 DEBUG [main] org.springframework.web.servlet.mvc.method.annotation.RequestMappingHandlerMapping : Mapped to public org.springframework.http.ResponseEntity<?> com.okta.developer.jugtours.web.UserController.getUser(org.springframework.security.oauth2.core.user.OAuth2User)
2019-08-07 01:12:56,666 DEBUG [main] org.springframework.web.servlet.mvc.method.annotation.HttpEntityMethodProcessor : Using 'application/json', given [application/json] and supported [text/plain, */*, text/plain, */*, application/json, application/*+json, application/json, application/*+json]
2019-08-07 01:12:56,674 DEBUG [main] org.springframework.web.servlet.mvc.method.annotation.HttpEntityMethodProcessor : Writing [""]
2019-08-07 01:12:56,694 INFO  [main] org.springframework.boot.test.mock.web.SpringBootMockServletContext : Initializing Spring TestDispatcherServlet ''
2019-08-07 01:12:56,694 INFO  [main] org.springframework.test.web.servlet.TestDispatcherServlet : Initializing Servlet ''
2019-08-07 01:12:56,696 INFO  [main] org.springframework.test.web.servlet.TestDispatcherServlet : Completed initialization in 2 ms
2019-08-07 01:12:56,696 DEBUG [main] org.springframework.web.servlet.mvc.method.annotation.RequestMappingHandlerMapping : Mapped to public org.springframework.http.ResponseEntity<?> com.okta.developer.jugtours.web.UserController.getUser(org.springframework.security.oauth2.core.user.OAuth2User)
2019-08-07 01:12:56,696 DEBUG [main] org.springframework.web.servlet.mvc.method.annotation.HttpEntityMethodProcessor : Using 'application/json', given [application/json] and supported [text/plain, */*, text/plain, */*, application/json, application/*+json, application/json, application/*+json]
2019-08-07 01:12:56,696 DEBUG [main] org.springframework.web.servlet.mvc.method.annotation.HttpEntityMethodProcessor : Writing [""]
2019-08-07 01:12:56,706 DEBUG [Thread-4] org.springframework.web.context.support.GenericWebApplicationContext : Closing org.springframework.web.context.support.GenericWebApplicationContext@4a45ca1c, started on Wed Aug 07 01:12:47 COT 2019
2019-08-07 01:12:57,237 INFO  [Thread-4] org.springframework.scheduling.concurrent.ThreadPoolTaskExecutor : Shutting down ExecutorService 'applicationTaskExecutor'
2019-08-07 01:12:57,237 INFO  [Thread-4] org.springframework.orm.jpa.LocalContainerEntityManagerFactoryBean : Closing JPA EntityManagerFactory for persistence unit 'default'
2019-08-07 01:12:57,241 INFO  [Thread-4] com.zaxxer.hikari.HikariDataSource : HikariPool-1 - Shutdown initiated...
2019-08-07 01:12:57,256 INFO  [Thread-4] com.zaxxer.hikari.HikariDataSource : HikariPool-1 - Shutdown completed.
2019-08-07 01:16:04,833 INFO  [main] com.okta.developer.jugtours.UserControllerTest : Starting UserControllerTest on LAPTOP-5DTT44KC with PID 10280 (started by USUARIO in D:\spring-boot-examples\repositorio\spring-boot-examples\jugtoursmysqlcache)
2019-08-07 01:16:04,833 INFO  [main] com.okta.developer.jugtours.UserControllerTest : No active profile set, falling back to default profiles: default
2019-08-07 01:16:04,887 DEBUG [main] org.springframework.web.context.support.GenericWebApplicationContext : Refreshing org.springframework.web.context.support.GenericWebApplicationContext@4a45ca1c
2019-08-07 01:16:05,900 INFO  [main] org.springframework.data.repository.config.RepositoryConfigurationDelegate : Bootstrapping Spring Data repositories in DEFAULT mode.
2019-08-07 01:16:06,028 INFO  [main] org.springframework.data.repository.config.RepositoryConfigurationDelegate : Finished Spring Data repository scanning in 105ms. Found 2 repository interfaces.
2019-08-07 01:16:06,738 INFO  [main] org.springframework.context.support.PostProcessorRegistrationDelegate$BeanPostProcessorChecker : Bean 'org.springframework.transaction.annotation.ProxyTransactionManagementConfiguration' of type [org.springframework.transaction.annotation.ProxyTransactionManagementConfiguration$$EnhancerBySpringCGLIB$$a074d80a] is not eligible for getting processed by all BeanPostProcessors (for example: not eligible for auto-proxying)
2019-08-07 01:16:07,093 INFO  [main] com.zaxxer.hikari.HikariDataSource : HikariPool-1 - Starting...
2019-08-07 01:16:07,333 INFO  [main] com.zaxxer.hikari.HikariDataSource : HikariPool-1 - Start completed.
2019-08-07 01:16:09,851 INFO  [main] org.springframework.orm.jpa.LocalContainerEntityManagerFactoryBean : Initialized JPA EntityManagerFactory for persistence unit 'default'
2019-08-07 01:16:10,502 DEBUG [main] org.springframework.web.client.RestTemplate : HTTP GET https://dev-292512.okta.com/oauth2/default/.well-known/openid-configuration
2019-08-07 01:16:10,507 DEBUG [main] org.springframework.web.client.RestTemplate : Accept=[text/plain, application/json, application/*+json, */*]
2019-08-07 01:16:12,498 DEBUG [main] org.springframework.web.client.RestTemplate : Response 200 OK
2019-08-07 01:16:12,502 DEBUG [main] org.springframework.web.client.RestTemplate : Reading to [java.lang.String] as "application/json;charset=UTF-8"
2019-08-07 01:16:13,600 INFO  [main] org.springframework.security.web.DefaultSecurityFilterChain : Creating filter chain: any request, [org.springframework.security.web.context.request.async.WebAsyncManagerIntegrationFilter@67efdfff, org.springframework.security.web.context.SecurityContextPersistenceFilter@1556989e, org.springframework.security.web.header.HeaderWriterFilter@15ce83a8, org.springframework.security.web.csrf.CsrfFilter@56b7bffb, org.springframework.security.web.authentication.logout.LogoutFilter@7bacb1b0, org.springframework.security.oauth2.client.web.OAuth2AuthorizationRequestRedirectFilter@36c2b179, org.springframework.security.oauth2.client.web.OAuth2LoginAuthenticationFilter@5dd9bcba, org.springframework.security.web.authentication.ui.DefaultLoginPageGeneratingFilter@7371810e, org.springframework.security.web.authentication.ui.DefaultLogoutPageGeneratingFilter@2dcc47d9, org.springframework.security.web.savedrequest.RequestCacheAwareFilter@173441c2, org.springframework.security.web.servletapi.SecurityContextHolderAwareRequestFilter@58553755, org.springframework.security.web.authentication.AnonymousAuthenticationFilter@6fbcbd62, org.springframework.security.web.session.SessionManagementFilter@7cff1217, org.springframework.security.web.access.ExceptionTranslationFilter@38fbac83, org.springframework.security.web.access.intercept.FilterSecurityInterceptor@5578cb71]
2019-08-07 01:16:14,013 DEBUG [main] org.springframework.web.servlet.handler.SimpleUrlHandlerMapping : Patterns [/**/favicon.ico] in 'faviconHandlerMapping'
2019-08-07 01:16:14,314 INFO  [main] org.springframework.scheduling.concurrent.ThreadPoolTaskExecutor : Initializing ExecutorService 'applicationTaskExecutor'
2019-08-07 01:16:14,338 DEBUG [main] org.springframework.web.servlet.mvc.method.annotation.RequestMappingHandlerAdapter : ControllerAdvice beans: 0 @ModelAttribute, 0 @InitBinder, 1 RequestBodyAdvice, 1 ResponseBodyAdvice
2019-08-07 01:16:14,424 WARN  [main] org.springframework.boot.autoconfigure.orm.jpa.JpaBaseConfiguration$JpaWebConfiguration$JpaWebMvcConfiguration : spring.jpa.open-in-view is enabled by default. Therefore, database queries may be performed during view rendering. Explicitly configure spring.jpa.open-in-view to disable this warning
2019-08-07 01:16:14,492 DEBUG [main] org.springframework.web.servlet.mvc.method.annotation.RequestMappingHandlerMapping : 9 mappings in 'requestMappingHandlerMapping'
2019-08-07 01:16:14,518 DEBUG [main] org.springframework.web.servlet.handler.SimpleUrlHandlerMapping : Patterns [/webjars/**, /**] in 'resourceHandlerMapping'
2019-08-07 01:16:14,537 DEBUG [main] org.springframework.web.servlet.mvc.method.annotation.ExceptionHandlerExceptionResolver : ControllerAdvice beans: 0 @ExceptionHandler, 1 ResponseBodyAdvice
2019-08-07 01:16:14,947 INFO  [main] com.okta.developer.jugtours.UserControllerTest : Started UserControllerTest in 10.65 seconds (JVM running for 12.384)
2019-08-07 01:16:15,062 INFO  [main] org.springframework.boot.test.mock.web.SpringBootMockServletContext : Initializing Spring TestDispatcherServlet ''
2019-08-07 01:16:15,062 INFO  [main] org.springframework.test.web.servlet.TestDispatcherServlet : Initializing Servlet ''
2019-08-07 01:16:15,086 INFO  [main] org.springframework.test.web.servlet.TestDispatcherServlet : Completed initialization in 24 ms
2019-08-07 01:16:15,138 DEBUG [main] org.springframework.web.servlet.mvc.method.annotation.RequestMappingHandlerMapping : Mapped to public org.springframework.http.ResponseEntity<?> com.okta.developer.jugtours.web.UserController.getUser(org.springframework.security.oauth2.core.user.OAuth2User)
2019-08-07 01:16:15,170 DEBUG [main] org.springframework.web.servlet.mvc.method.annotation.HttpEntityMethodProcessor : Using 'application/json', given [application/json] and supported [text/plain, */*, text/plain, */*, application/json, application/*+json, application/json, application/*+json]
2019-08-07 01:16:15,170 DEBUG [main] org.springframework.web.servlet.mvc.method.annotation.HttpEntityMethodProcessor : Writing [""]
2019-08-07 01:16:15,198 INFO  [main] org.springframework.boot.test.mock.web.SpringBootMockServletContext : Initializing Spring TestDispatcherServlet ''
2019-08-07 01:16:15,198 INFO  [main] org.springframework.test.web.servlet.TestDispatcherServlet : Initializing Servlet ''
2019-08-07 01:16:15,200 INFO  [main] org.springframework.test.web.servlet.TestDispatcherServlet : Completed initialization in 2 ms
2019-08-07 01:16:15,204 DEBUG [main] org.springframework.web.servlet.mvc.method.annotation.RequestMappingHandlerMapping : Mapped to public org.springframework.http.ResponseEntity<?> com.okta.developer.jugtours.web.UserController.getUser(org.springframework.security.oauth2.core.user.OAuth2User)
2019-08-07 01:16:15,204 DEBUG [main] org.springframework.web.servlet.mvc.method.annotation.HttpEntityMethodProcessor : Using 'application/json', given [application/json] and supported [text/plain, */*, text/plain, */*, application/json, application/*+json, application/json, application/*+json]
2019-08-07 01:16:15,204 DEBUG [main] org.springframework.web.servlet.mvc.method.annotation.HttpEntityMethodProcessor : Writing [""]
2019-08-07 01:16:15,210 DEBUG [Thread-4] org.springframework.web.context.support.GenericWebApplicationContext : Closing org.springframework.web.context.support.GenericWebApplicationContext@4a45ca1c, started on Wed Aug 07 01:16:04 COT 2019
2019-08-07 01:16:15,770 INFO  [Thread-4] org.springframework.scheduling.concurrent.ThreadPoolTaskExecutor : Shutting down ExecutorService 'applicationTaskExecutor'
2019-08-07 01:16:15,774 INFO  [Thread-4] org.springframework.orm.jpa.LocalContainerEntityManagerFactoryBean : Closing JPA EntityManagerFactory for persistence unit 'default'
2019-08-07 01:16:15,778 INFO  [Thread-4] com.zaxxer.hikari.HikariDataSource : HikariPool-1 - Shutdown initiated...
2019-08-07 01:16:15,802 INFO  [Thread-4] com.zaxxer.hikari.HikariDataSource : HikariPool-1 - Shutdown completed.
