2019-08-06 23:39:57,035 INFO  [main] com.okta.developer.jugtours.LogoutResourceIT : Starting LogoutResourceIT on LAPTOP-5DTT44KC with PID 12752 (started by USUARIO in D:\spring-boot-examples\repositorio\spring-boot-examples\jugtoursmysqlcache)
2019-08-06 23:39:57,036 INFO  [main] com.okta.developer.jugtours.LogoutResourceIT : No active profile set, falling back to default profiles: default
2019-08-06 23:39:57,111 DEBUG [main] org.springframework.web.context.support.GenericWebApplicationContext : Refreshing org.springframework.web.context.support.GenericWebApplicationContext@10027fc9
2019-08-06 23:39:58,129 INFO  [main] org.springframework.data.repository.config.RepositoryConfigurationDelegate : Bootstrapping Spring Data repositories in DEFAULT mode.
2019-08-06 23:39:58,228 INFO  [main] org.springframework.data.repository.config.RepositoryConfigurationDelegate : Finished Spring Data repository scanning in 87ms. Found 2 repository interfaces.
2019-08-06 23:39:58,886 INFO  [main] org.springframework.context.support.PostProcessorRegistrationDelegate$BeanPostProcessorChecker : Bean 'org.springframework.transaction.annotation.ProxyTransactionManagementConfiguration' of type [org.springframework.transaction.annotation.ProxyTransactionManagementConfiguration$$EnhancerBySpringCGLIB$$62207d57] is not eligible for getting processed by all BeanPostProcessors (for example: not eligible for auto-proxying)
2019-08-06 23:39:59,352 INFO  [main] com.zaxxer.hikari.HikariDataSource : HikariPool-1 - Starting...
2019-08-06 23:39:59,595 INFO  [main] com.zaxxer.hikari.HikariDataSource : HikariPool-1 - Start completed.
2019-08-06 23:40:01,924 INFO  [main] org.springframework.orm.jpa.LocalContainerEntityManagerFactoryBean : Initialized JPA EntityManagerFactory for persistence unit 'default'
2019-08-06 23:40:02,467 DEBUG [main] org.springframework.web.client.RestTemplate : HTTP GET https://dev-292512.okta.com/oauth2/default/.well-known/openid-configuration
2019-08-06 23:40:02,477 DEBUG [main] org.springframework.web.client.RestTemplate : Accept=[text/plain, application/json, application/*+json, */*]
2019-08-06 23:40:03,978 DEBUG [main] org.springframework.web.client.RestTemplate : Response 200 OK
2019-08-06 23:40:03,984 DEBUG [main] org.springframework.web.client.RestTemplate : Reading to [java.lang.String] as "application/json;charset=UTF-8"
2019-08-06 23:40:05,310 INFO  [main] org.springframework.security.web.DefaultSecurityFilterChain : Creating filter chain: any request, [org.springframework.security.web.context.request.async.WebAsyncManagerIntegrationFilter@3efd3302, org.springframework.security.web.context.SecurityContextPersistenceFilter@6e5fba90, org.springframework.security.web.header.HeaderWriterFilter@10abd94f, org.springframework.security.web.csrf.CsrfFilter@404566e7, org.springframework.security.web.authentication.logout.LogoutFilter@7866a7a6, org.springframework.security.oauth2.client.web.OAuth2AuthorizationRequestRedirectFilter@2559f65c, org.springframework.security.oauth2.client.web.OAuth2LoginAuthenticationFilter@2ecf4b3e, org.springframework.security.web.authentication.ui.DefaultLoginPageGeneratingFilter@5315210d, org.springframework.security.web.authentication.ui.DefaultLogoutPageGeneratingFilter@531292ed, org.springframework.security.web.savedrequest.RequestCacheAwareFilter@4d745ac6, org.springframework.security.web.servletapi.SecurityContextHolderAwareRequestFilter@6a24c41d, org.springframework.security.web.authentication.AnonymousAuthenticationFilter@41538150, org.springframework.security.web.session.SessionManagementFilter@628f0936, org.springframework.security.web.access.ExceptionTranslationFilter@5440a3a, org.springframework.security.web.access.intercept.FilterSecurityInterceptor@3cc5408c]
2019-08-06 23:40:05,809 DEBUG [main] org.springframework.web.servlet.handler.SimpleUrlHandlerMapping : Patterns [/**/favicon.ico] in 'faviconHandlerMapping'
2019-08-06 23:40:06,142 INFO  [main] org.springframework.scheduling.concurrent.ThreadPoolTaskExecutor : Initializing ExecutorService 'applicationTaskExecutor'
2019-08-06 23:40:06,170 DEBUG [main] org.springframework.web.servlet.mvc.method.annotation.RequestMappingHandlerAdapter : ControllerAdvice beans: 0 @ModelAttribute, 0 @InitBinder, 1 RequestBodyAdvice, 1 ResponseBodyAdvice
2019-08-06 23:40:06,230 WARN  [main] org.springframework.boot.autoconfigure.orm.jpa.JpaBaseConfiguration$JpaWebConfiguration$JpaWebMvcConfiguration : spring.jpa.open-in-view is enabled by default. Therefore, database queries may be performed during view rendering. Explicitly configure spring.jpa.open-in-view to disable this warning
2019-08-06 23:40:06,319 DEBUG [main] org.springframework.web.servlet.mvc.method.annotation.RequestMappingHandlerMapping : 9 mappings in 'requestMappingHandlerMapping'
2019-08-06 23:40:06,368 DEBUG [main] org.springframework.web.servlet.handler.SimpleUrlHandlerMapping : Patterns [/webjars/**, /**] in 'resourceHandlerMapping'
2019-08-06 23:40:06,390 DEBUG [main] org.springframework.web.servlet.mvc.method.annotation.ExceptionHandlerExceptionResolver : ControllerAdvice beans: 0 @ExceptionHandler, 1 ResponseBodyAdvice
2019-08-06 23:40:06,987 INFO  [main] com.okta.developer.jugtours.LogoutResourceIT : Started LogoutResourceIT in 10.506 seconds (JVM running for 12.191)
2019-08-06 23:41:01,817 INFO  [main] org.springframework.boot.test.mock.web.SpringBootMockServletContext : Initializing Spring TestDispatcherServlet ''
2019-08-06 23:41:01,822 INFO  [main] org.springframework.test.web.servlet.TestDispatcherServlet : Initializing Servlet ''
2019-08-06 23:41:03,147 INFO  [main] org.springframework.test.web.servlet.TestDispatcherServlet : Completed initialization in 1322 ms
2019-08-06 23:41:38,058 DEBUG [Thread-2] org.springframework.web.context.support.GenericWebApplicationContext : Closing org.springframework.web.context.support.GenericWebApplicationContext@10027fc9, started on Tue Aug 06 23:39:57 COT 2019
2019-08-06 23:41:38,069 INFO  [Thread-2] org.springframework.scheduling.concurrent.ThreadPoolTaskExecutor : Shutting down ExecutorService 'applicationTaskExecutor'
2019-08-06 23:41:38,069 INFO  [Thread-2] org.springframework.orm.jpa.LocalContainerEntityManagerFactoryBean : Closing JPA EntityManagerFactory for persistence unit 'default'
2019-08-06 23:41:38,078 INFO  [Thread-2] com.zaxxer.hikari.HikariDataSource : HikariPool-1 - Shutdown initiated...
2019-08-06 23:41:38,087 INFO  [Thread-2] com.zaxxer.hikari.HikariDataSource : HikariPool-1 - Shutdown completed.
2019-08-06 23:45:44,778 INFO  [main] com.okta.developer.jugtours.LogoutResourceIT : Starting LogoutResourceIT on LAPTOP-5DTT44KC with PID 15896 (started by USUARIO in D:\spring-boot-examples\repositorio\spring-boot-examples\jugtoursmysqlcache)
2019-08-06 23:45:44,778 INFO  [main] com.okta.developer.jugtours.LogoutResourceIT : No active profile set, falling back to default profiles: default
2019-08-06 23:45:44,827 DEBUG [main] org.springframework.web.context.support.GenericWebApplicationContext : Refreshing org.springframework.web.context.support.GenericWebApplicationContext@26fb628
2019-08-06 23:45:45,840 INFO  [main] org.springframework.data.repository.config.RepositoryConfigurationDelegate : Bootstrapping Spring Data repositories in DEFAULT mode.
2019-08-06 23:45:45,948 INFO  [main] org.springframework.data.repository.config.RepositoryConfigurationDelegate : Finished Spring Data repository scanning in 94ms. Found 2 repository interfaces.
2019-08-06 23:45:46,595 INFO  [main] org.springframework.context.support.PostProcessorRegistrationDelegate$BeanPostProcessorChecker : Bean 'org.springframework.transaction.annotation.ProxyTransactionManagementConfiguration' of type [org.springframework.transaction.annotation.ProxyTransactionManagementConfiguration$$EnhancerBySpringCGLIB$$ccf5c42d] is not eligible for getting processed by all BeanPostProcessors (for example: not eligible for auto-proxying)
2019-08-06 23:45:47,039 INFO  [main] com.zaxxer.hikari.HikariDataSource : HikariPool-1 - Starting...
2019-08-06 23:45:47,277 INFO  [main] com.zaxxer.hikari.HikariDataSource : HikariPool-1 - Start completed.
2019-08-06 23:45:49,615 INFO  [main] org.springframework.orm.jpa.LocalContainerEntityManagerFactoryBean : Initialized JPA EntityManagerFactory for persistence unit 'default'
2019-08-06 23:45:50,131 DEBUG [main] org.springframework.web.client.RestTemplate : HTTP GET https://dev-292512.okta.com/oauth2/default/.well-known/openid-configuration
2019-08-06 23:45:50,137 DEBUG [main] org.springframework.web.client.RestTemplate : Accept=[text/plain, application/json, application/*+json, */*]
2019-08-06 23:45:51,651 DEBUG [main] org.springframework.web.client.RestTemplate : Response 200 OK
2019-08-06 23:45:51,654 DEBUG [main] org.springframework.web.client.RestTemplate : Reading to [java.lang.String] as "application/json;charset=UTF-8"
2019-08-06 23:45:53,021 INFO  [main] org.springframework.security.web.DefaultSecurityFilterChain : Creating filter chain: any request, [org.springframework.security.web.context.request.async.WebAsyncManagerIntegrationFilter@629cf53c, org.springframework.security.web.context.SecurityContextPersistenceFilter@4a490518, org.springframework.security.web.header.HeaderWriterFilter@75b4db22, org.springframework.security.web.csrf.CsrfFilter@2d94279f, org.springframework.security.web.authentication.logout.LogoutFilter@28d97205, org.springframework.security.oauth2.client.web.OAuth2AuthorizationRequestRedirectFilter@3bac86a3, org.springframework.security.oauth2.client.web.OAuth2LoginAuthenticationFilter@811d8d6, org.springframework.security.web.authentication.ui.DefaultLoginPageGeneratingFilter@19542115, org.springframework.security.web.authentication.ui.DefaultLogoutPageGeneratingFilter@6d84ab90, org.springframework.security.web.savedrequest.RequestCacheAwareFilter@32ae11c9, org.springframework.security.web.servletapi.SecurityContextHolderAwareRequestFilter@6920fa35, org.springframework.security.web.authentication.AnonymousAuthenticationFilter@3182143c, org.springframework.security.web.session.SessionManagementFilter@23909b3, org.springframework.security.web.access.ExceptionTranslationFilter@346a2799, org.springframework.security.web.access.intercept.FilterSecurityInterceptor@84e43fb]
2019-08-06 23:45:53,508 DEBUG [main] org.springframework.web.servlet.handler.SimpleUrlHandlerMapping : Patterns [/**/favicon.ico] in 'faviconHandlerMapping'
2019-08-06 23:45:53,851 INFO  [main] org.springframework.scheduling.concurrent.ThreadPoolTaskExecutor : Initializing ExecutorService 'applicationTaskExecutor'
2019-08-06 23:45:53,879 DEBUG [main] org.springframework.web.servlet.mvc.method.annotation.RequestMappingHandlerAdapter : ControllerAdvice beans: 0 @ModelAttribute, 0 @InitBinder, 1 RequestBodyAdvice, 1 ResponseBodyAdvice
2019-08-06 23:45:53,947 WARN  [main] org.springframework.boot.autoconfigure.orm.jpa.JpaBaseConfiguration$JpaWebConfiguration$JpaWebMvcConfiguration : spring.jpa.open-in-view is enabled by default. Therefore, database queries may be performed during view rendering. Explicitly configure spring.jpa.open-in-view to disable this warning
2019-08-06 23:45:54,034 DEBUG [main] org.springframework.web.servlet.mvc.method.annotation.RequestMappingHandlerMapping : 9 mappings in 'requestMappingHandlerMapping'
2019-08-06 23:45:54,064 DEBUG [main] org.springframework.web.servlet.handler.SimpleUrlHandlerMapping : Patterns [/webjars/**, /**] in 'resourceHandlerMapping'
2019-08-06 23:45:54,087 DEBUG [main] org.springframework.web.servlet.mvc.method.annotation.ExceptionHandlerExceptionResolver : ControllerAdvice beans: 0 @ExceptionHandler, 1 ResponseBodyAdvice
2019-08-06 23:45:54,639 INFO  [main] com.okta.developer.jugtours.LogoutResourceIT : Started LogoutResourceIT in 10.338 seconds (JVM running for 11.659)
2019-08-06 23:45:56,881 INFO  [main] org.springframework.boot.test.mock.web.SpringBootMockServletContext : Initializing Spring TestDispatcherServlet ''
2019-08-06 23:45:56,885 INFO  [main] org.springframework.test.web.servlet.TestDispatcherServlet : Initializing Servlet ''
2019-08-06 23:45:56,908 INFO  [main] org.springframework.test.web.servlet.TestDispatcherServlet : Completed initialization in 21 ms
2019-08-06 23:45:56,918 DEBUG [Thread-2] org.springframework.web.context.support.GenericWebApplicationContext : Closing org.springframework.web.context.support.GenericWebApplicationContext@26fb628, started on Tue Aug 06 23:45:44 COT 2019
2019-08-06 23:45:56,927 INFO  [Thread-2] org.springframework.scheduling.concurrent.ThreadPoolTaskExecutor : Shutting down ExecutorService 'applicationTaskExecutor'
2019-08-06 23:45:56,927 INFO  [Thread-2] org.springframework.orm.jpa.LocalContainerEntityManagerFactoryBean : Closing JPA EntityManagerFactory for persistence unit 'default'
2019-08-06 23:45:56,927 INFO  [Thread-2] com.zaxxer.hikari.HikariDataSource : HikariPool-1 - Shutdown initiated...
2019-08-06 23:45:56,941 INFO  [Thread-2] com.zaxxer.hikari.HikariDataSource : HikariPool-1 - Shutdown completed.
2019-08-06 23:58:30,150 INFO  [main] com.okta.developer.jugtours.UserControllerTest : Starting UserControllerTest on LAPTOP-5DTT44KC with PID 18036 (started by USUARIO in D:\spring-boot-examples\repositorio\spring-boot-examples\jugtoursmysqlcache_oauth2)
2019-08-06 23:58:30,152 INFO  [main] com.okta.developer.jugtours.UserControllerTest : No active profile set, falling back to default profiles: default
2019-08-06 23:58:30,200 DEBUG [main] org.springframework.web.context.support.GenericWebApplicationContext : Refreshing org.springframework.web.context.support.GenericWebApplicationContext@7876d598
2019-08-06 23:58:31,231 INFO  [main] org.springframework.data.repository.config.RepositoryConfigurationDelegate : Bootstrapping Spring Data repositories in DEFAULT mode.
2019-08-06 23:58:31,349 INFO  [main] org.springframework.data.repository.config.RepositoryConfigurationDelegate : Finished Spring Data repository scanning in 104ms. Found 2 repository interfaces.
2019-08-06 23:58:31,992 INFO  [main] org.springframework.context.support.PostProcessorRegistrationDelegate$BeanPostProcessorChecker : Bean 'org.springframework.transaction.annotation.ProxyTransactionManagementConfiguration' of type [org.springframework.transaction.annotation.ProxyTransactionManagementConfiguration$$EnhancerBySpringCGLIB$$a76fe78b] is not eligible for getting processed by all BeanPostProcessors (for example: not eligible for auto-proxying)
2019-08-06 23:58:32,459 INFO  [main] com.zaxxer.hikari.HikariDataSource : HikariPool-1 - Starting...
2019-08-06 23:58:32,696 INFO  [main] com.zaxxer.hikari.HikariDataSource : HikariPool-1 - Start completed.
2019-08-06 23:58:35,178 INFO  [main] org.springframework.orm.jpa.LocalContainerEntityManagerFactoryBean : Initialized JPA EntityManagerFactory for persistence unit 'default'
2019-08-06 23:58:35,668 DEBUG [main] org.springframework.web.client.RestTemplate : HTTP GET https://dev-292512.okta.com/oauth2/default/.well-known/openid-configuration
2019-08-06 23:58:35,678 DEBUG [main] org.springframework.web.client.RestTemplate : Accept=[text/plain, application/json, application/*+json, */*]
2019-08-06 23:58:37,077 DEBUG [main] org.springframework.web.client.RestTemplate : Response 200 OK
2019-08-06 23:58:37,083 DEBUG [main] org.springframework.web.client.RestTemplate : Reading to [java.lang.String] as "application/json;charset=UTF-8"
2019-08-06 23:58:38,484 INFO  [main] org.springframework.security.web.DefaultSecurityFilterChain : Creating filter chain: any request, [org.springframework.security.web.context.request.async.WebAsyncManagerIntegrationFilter@31921151, org.springframework.security.web.context.SecurityContextPersistenceFilter@7a7bb083, org.springframework.security.web.header.HeaderWriterFilter@6158113e, org.springframework.security.web.csrf.CsrfFilter@6bbb3280, org.springframework.security.web.authentication.logout.LogoutFilter@2c8e096, org.springframework.security.oauth2.client.web.OAuth2AuthorizationRequestRedirectFilter@1952ad9d, org.springframework.security.oauth2.client.web.OAuth2LoginAuthenticationFilter@6ee07d7f, org.springframework.security.web.authentication.ui.DefaultLoginPageGeneratingFilter@38a61c81, org.springframework.security.web.authentication.ui.DefaultLogoutPageGeneratingFilter@5749e633, org.springframework.security.web.savedrequest.RequestCacheAwareFilter@58c80957, org.springframework.security.web.servletapi.SecurityContextHolderAwareRequestFilter@769f6023, org.springframework.security.web.authentication.AnonymousAuthenticationFilter@35c3d6e8, org.springframework.security.web.session.SessionManagementFilter@2bfa5678, org.springframework.security.web.access.ExceptionTranslationFilter@7ec68821, org.springframework.security.web.access.intercept.FilterSecurityInterceptor@21202507]
2019-08-06 23:58:38,918 DEBUG [main] org.springframework.web.servlet.handler.SimpleUrlHandlerMapping : Patterns [/**/favicon.ico] in 'faviconHandlerMapping'
2019-08-06 23:58:39,235 INFO  [main] org.springframework.scheduling.concurrent.ThreadPoolTaskExecutor : Initializing ExecutorService 'applicationTaskExecutor'
2019-08-06 23:58:39,267 DEBUG [main] org.springframework.web.servlet.mvc.method.annotation.RequestMappingHandlerAdapter : ControllerAdvice beans: 0 @ModelAttribute, 0 @InitBinder, 1 RequestBodyAdvice, 1 ResponseBodyAdvice
2019-08-06 23:58:39,330 WARN  [main] org.springframework.boot.autoconfigure.orm.jpa.JpaBaseConfiguration$JpaWebConfiguration$JpaWebMvcConfiguration : spring.jpa.open-in-view is enabled by default. Therefore, database queries may be performed during view rendering. Explicitly configure spring.jpa.open-in-view to disable this warning
2019-08-06 23:58:39,421 DEBUG [main] org.springframework.web.servlet.mvc.method.annotation.RequestMappingHandlerMapping : 9 mappings in 'requestMappingHandlerMapping'
2019-08-06 23:58:39,461 DEBUG [main] org.springframework.web.servlet.handler.SimpleUrlHandlerMapping : Patterns [/webjars/**, /**] in 'resourceHandlerMapping'
2019-08-06 23:58:39,481 DEBUG [main] org.springframework.web.servlet.mvc.method.annotation.ExceptionHandlerExceptionResolver : ControllerAdvice beans: 0 @ExceptionHandler, 1 ResponseBodyAdvice
2019-08-06 23:58:40,021 INFO  [main] com.okta.developer.jugtours.UserControllerTest : Started UserControllerTest in 10.37 seconds (JVM running for 11.757)
2019-08-06 23:58:40,138 INFO  [main] org.springframework.boot.test.mock.web.SpringBootMockServletContext : Initializing Spring TestDispatcherServlet ''
2019-08-06 23:58:40,138 INFO  [main] org.springframework.test.web.servlet.TestDispatcherServlet : Initializing Servlet ''
2019-08-06 23:58:40,166 INFO  [main] org.springframework.test.web.servlet.TestDispatcherServlet : Completed initialization in 27 ms
2019-08-06 23:58:40,205 DEBUG [main] org.springframework.web.servlet.mvc.method.annotation.RequestMappingHandlerMapping : Mapped to public org.springframework.http.ResponseEntity<?> com.okta.developer.jugtours.web.UserController.getUser(org.springframework.security.oauth2.core.user.OAuth2User)
2019-08-06 23:58:40,235 DEBUG [main] org.springframework.web.servlet.mvc.method.annotation.HttpEntityMethodProcessor : Using 'application/json', given [application/json] and supported [text/plain, */*, text/plain, */*, application/json, application/*+json, application/json, application/*+json]
2019-08-06 23:58:40,236 DEBUG [main] org.springframework.web.servlet.mvc.method.annotation.HttpEntityMethodProcessor : Writing [""]
2019-08-06 23:58:40,266 INFO  [main] org.springframework.boot.test.mock.web.SpringBootMockServletContext : Initializing Spring TestDispatcherServlet ''
2019-08-06 23:58:40,266 INFO  [main] org.springframework.test.web.servlet.TestDispatcherServlet : Initializing Servlet ''
2019-08-06 23:58:40,270 INFO  [main] org.springframework.test.web.servlet.TestDispatcherServlet : Completed initialization in 4 ms
2019-08-06 23:58:40,273 DEBUG [main] org.springframework.web.servlet.mvc.method.annotation.RequestMappingHandlerMapping : Mapped to public org.springframework.http.ResponseEntity<?> com.okta.developer.jugtours.web.UserController.getUser(org.springframework.security.oauth2.core.user.OAuth2User)
2019-08-06 23:58:40,277 DEBUG [main] org.springframework.web.servlet.mvc.method.annotation.HttpEntityMethodProcessor : Using 'application/json', given [application/json] and supported [text/plain, */*, text/plain, */*, application/json, application/*+json, application/json, application/*+json]
2019-08-06 23:58:40,278 DEBUG [main] org.springframework.web.servlet.mvc.method.annotation.HttpEntityMethodProcessor : Writing [""]
2019-08-06 23:58:40,283 DEBUG [Thread-2] org.springframework.web.context.support.GenericWebApplicationContext : Closing org.springframework.web.context.support.GenericWebApplicationContext@7876d598, started on Tue Aug 06 23:58:30 COT 2019
2019-08-06 23:58:40,289 INFO  [Thread-2] org.springframework.scheduling.concurrent.ThreadPoolTaskExecutor : Shutting down ExecutorService 'applicationTaskExecutor'
2019-08-06 23:58:40,293 INFO  [Thread-2] org.springframework.orm.jpa.LocalContainerEntityManagerFactoryBean : Closing JPA EntityManagerFactory for persistence unit 'default'
2019-08-06 23:58:40,296 INFO  [Thread-2] com.zaxxer.hikari.HikariDataSource : HikariPool-1 - Shutdown initiated...
2019-08-06 23:58:40,306 INFO  [Thread-2] com.zaxxer.hikari.HikariDataSource : HikariPool-1 - Shutdown completed.
